#
# A fatal error has been detected by the Java Runtime Environment:
#
#  EXCEPTION_ACCESS_VIOLATION (0xc0000005) at pc=0x77a63679, pid=254940, tid=0x0000f2ec
#
# JRE version: Java(TM) SE Runtime Environment (8.0_201-b09) (build 1.8.0_201-b09)
# Java VM: Java HotSpot(TM) Client VM (25.201-b09 mixed mode windows-x86 )
# Problematic frame:
# C  [ntdll.dll+0x43679]
#
# Failed to write core dump. Minidumps are not enabled by default on client versions of Windows
#
# If you would like to submit a bug report, please visit:
#   http://bugreport.java.com/bugreport/crash.jsp
# The crash happened outside the Java Virtual Machine in native code.
# See problematic frame for where to report the bug.
#

---------------  T H R E A D  ---------------

Current thread (0x19deb000):  JavaThread "Thread-17" [_thread_in_native, id=62188, stack(0x1d8d0000,0x1d920000)]

siginfo: ExceptionCode=0xc0000005, reading address 0x0000100a

Registers:
EAX=0x0000100a, EBX=0x00fa0520, ECX=0x00000000, EDX=0x00cae000
ESP=0x1d91d780, EBP=0x1d91d940, ESI=0x00fa0528, EDI=0x00fa0000
EIP=0x77a63679, EFLAGS=0x00010246

Top of Stack: (sp=0x1d91d780)
0x1d91d780:   aeddfe2c 00000033 00fa0000 1d91d990
0x1d91d790:   00000000 1d91d8f0 00000000 1d91da08
0x1d91d7a0:   1d91d868 19deb000 19f05e30 18af7460
0x1d91d7b0:   18af7470 18af7554 000000ec 1d91dc6c
0x1d91d7c0:   171122a0 19deb000 0000000a 00000000
0x1d91d7d0:   19deb000 0503b000 1d91d820 6739512e
0x1d91d7e0:   1d91d868 1d91d84c 1d91d884 00deb000
0x1d91d7f0:   8fe0aa72 18af746c 19deb000 171122a0 

Instructions: (pc=0x77a63679)
0x77a63659:   03 8a 43 02 32 43 01 32 03 38 43 03 0f 85 0b 32
0x77a63669:   05 00 8d 73 08 8b 0e 89 4d a8 8b 43 0c 89 45 d8
0x77a63679:   8b 00 8b 49 04 3b c1 0f 85 52 32 05 00 3b c6 0f
0x77a63689:   85 4a 32 05 00 0f b7 03 29 47 74 8b 8f b4 00 00 


Register to memory mapping:

EAX=0x0000100a is an unknown value
EBX=0x00fa0520 is an unknown value
ECX=0x00000000 is an unknown value
EDX=0x00cae000 is an unknown value
ESP=0x1d91d780 is pointing into the stack for thread: 0x19deb000
EBP=0x1d91d940 is pointing into the stack for thread: 0x19deb000
ESI=0x00fa0528 is an unknown value
EDI=0x00fa0000 is an unknown value


Stack: [0x1d8d0000,0x1d920000],  sp=0x1d91d780,  free space=309k
Native frames: (J=compiled Java code, j=interpreted, Vv=VM code, C=native code)
C  [ntdll.dll+0x43679]
C  [ntdll.dll+0x416b7]
C  [ntdll.dll+0x413ee]
C  [msvcrt.dll+0x47250]
C  [jna2508613852376398485.dll+0x70f1]
j  com.sun.jna.Native.malloc(J)J+0
j  com.sun.jna.Memory.malloc(J)J+1
j  com.sun.jna.Memory.<init>(J)V+27
j  com.sun.jna.NativeString.<init>(Ljava/lang/String;Ljava/lang/String;)V+84
j  com.sun.jna.Structure.writeField(Lcom/sun/jna/Structure$StructField;)V+209
j  com.sun.jna.Structure.write()V+93
j  com.sun.jna.Structure.autoWrite()V+8
j  com.sun.jna.CallbackReference$DefaultCallbackProxy.invokeCallback([Ljava/lang/Object;)Ljava/lang/Object;+226
j  com.sun.jna.CallbackReference$DefaultCallbackProxy.callback([Ljava/lang/Object;)Ljava/lang/Object;+2
v  ~StubRoutines::call_stub
V  [jvm.dll+0x15c215]
V  [jvm.dll+0x22512e]
V  [jvm.dll+0x15c2ae]
V  [jvm.dll+0xddb7b]
V  [jvm.dll+0xdf3f8]
C  [jna2508613852376398485.dll+0xaa32]
C  [jna2508613852376398485.dll+0xb469]
C  [jna2508613852376398485.dll+0xdcf2]
C  [jna2508613852376398485.dll+0xe41e]
C  [HvDevice.dll+0xb9dc]
C  [HvDevice.dll+0x9b96]
C  [HvDevice.dll+0x1589d]
C  [HvDevice.dll+0x14bab]
C  [HvDevice.dll+0x14347]
C  [HvDevice.dll+0x7186]
C  [HvDevice.dll+0x6bf5]
C  [HvDevice.dll+0x6778]
C  [MSVCR110.dll+0x2f2e9]
C  [MSVCR110.dll+0x2f2cd]
C  [KERNEL32.DLL+0x18654]
C  [ntdll.dll+0x64a77]
C  [ntdll.dll+0x64a47]
C  0x00000000

Java frames: (J=compiled Java code, j=interpreted, Vv=VM code)
j  com.sun.jna.Native.malloc(J)J+0
j  com.sun.jna.Memory.malloc(J)J+1
j  com.sun.jna.Memory.<init>(J)V+27
j  com.sun.jna.NativeString.<init>(Ljava/lang/String;Ljava/lang/String;)V+84
j  com.sun.jna.Structure.writeField(Lcom/sun/jna/Structure$StructField;)V+209
j  com.sun.jna.Structure.write()V+93
j  com.sun.jna.Structure.autoWrite()V+8
j  com.sun.jna.CallbackReference$DefaultCallbackProxy.invokeCallback([Ljava/lang/Object;)Ljava/lang/Object;+226
j  com.sun.jna.CallbackReference$DefaultCallbackProxy.callback([Ljava/lang/Object;)Ljava/lang/Object;+2
v  ~StubRoutines::call_stub

---------------  P R O C E S S  ---------------

Java Threads: ( => current thread )
  0x1a152c00 JavaThread "JMX server connection timeout 68" daemon [_thread_blocked, id=49672, stack(0x1b380000,0x1b3d0000)]
  0x1a155c00 JavaThread "RMI TCP Connection(4)-192.168.0.188" daemon [_thread_in_native, id=60956, stack(0x1ec80000,0x1ecd0000)]
  0x1a155800 JavaThread "RMI TCP Connection(3)-127.0.0.1" daemon [_thread_in_native, id=49988, stack(0x1b230000,0x1b280000)]
  0x1a153800 JavaThread "DestroyJavaVM" [_thread_blocked, id=34300, stack(0x012c0000,0x01310000)]
  0x1a153000 JavaThread "http-nio-8080-Acceptor-0" daemon [_thread_in_native, id=44576, stack(0x1e8f0000,0x1e940000)]
  0x1a150c00 JavaThread "http-nio-8080-ClientPoller-1" daemon [_thread_in_native, id=47092, stack(0x1e860000,0x1e8b0000)]
  0x1a152400 JavaThread "http-nio-8080-ClientPoller-0" daemon [_thread_in_native, id=52344, stack(0x1e7d0000,0x1e820000)]
  0x1a151c00 JavaThread "http-nio-8080-exec-10" daemon [_thread_blocked, id=203176, stack(0x1e740000,0x1e790000)]
  0x1a150400 JavaThread "http-nio-8080-exec-9" daemon [_thread_blocked, id=62264, stack(0x1e6b0000,0x1e700000)]
  0x1a151800 JavaThread "http-nio-8080-exec-8" daemon [_thread_blocked, id=53108, stack(0x1e620000,0x1e670000)]
  0x1a155000 JavaThread "http-nio-8080-exec-7" daemon [_thread_blocked, id=56876, stack(0x1e590000,0x1e5e0000)]
  0x1a150000 JavaThread "http-nio-8080-exec-6" daemon [_thread_blocked, id=90900, stack(0x1e500000,0x1e550000)]
  0x1a154800 JavaThread "http-nio-8080-exec-5" daemon [_thread_blocked, id=53556, stack(0x1e470000,0x1e4c0000)]
  0x1a154400 JavaThread "http-nio-8080-exec-4" daemon [_thread_blocked, id=51276, stack(0x1e3e0000,0x1e430000)]
  0x1a151000 JavaThread "http-nio-8080-exec-3" daemon [_thread_blocked, id=59072, stack(0x1e350000,0x1e3a0000)]
  0x1a153c00 JavaThread "http-nio-8080-exec-2" daemon [_thread_blocked, id=26320, stack(0x1e2c0000,0x1e310000)]
  0x1a156400 JavaThread "http-nio-8080-exec-1" daemon [_thread_blocked, id=7564, stack(0x1e230000,0x1e280000)]
  0x19debc00 JavaThread "NioBlockingSelector.BlockPoller-1" daemon [_thread_in_native, id=251092, stack(0x1e1a0000,0x1e1f0000)]
  0x19deb800 JavaThread "Druid-ConnectionPool-Destroy-5934524" daemon [_thread_blocked, id=61256, stack(0x1df10000,0x1df60000)]
  0x19dec800 JavaThread "Druid-ConnectionPool-Create-5934524" daemon [_thread_blocked, id=54068, stack(0x1d840000,0x1d890000)]
=>0x19deb000 JavaThread "Thread-17" [_thread_in_native, id=62188, stack(0x1d8d0000,0x1d920000)]
  0x19dec400 JavaThread "TimerQueue" daemon [_thread_blocked, id=26840, stack(0x1c140000,0x1c190000)]
  0x19dee400 JavaThread "Timer-1" [_thread_blocked, id=168212, stack(0x1bfb0000,0x1c000000)]
  0x19ded000 JavaThread "Timer-0" [_thread_blocked, id=42044, stack(0x1bf20000,0x1bf70000)]
  0x19ded800 JavaThread "AWT-Windows" daemon [_thread_in_native, id=234856, stack(0x1b2c0000,0x1b310000)]
  0x19d93400 JavaThread "Java2D Disposer" daemon [_thread_blocked, id=61084, stack(0x1b1a0000,0x1b1f0000)]
  0x19d9e400 JavaThread "container-0" [_thread_blocked, id=189560, stack(0x1b010000,0x1b060000)]
  0x17fae800 JavaThread "Catalina-utility-1" [_thread_blocked, id=55632, stack(0x191b0000,0x19200000)]
  0x18720c00 JavaThread "RMI TCP Connection(2)-192.168.0.188" daemon [_thread_in_native, id=48540, stack(0x19120000,0x19170000)]
  0x18720800 JavaThread "RMI Scheduler(0)" daemon [_thread_blocked, id=48480, stack(0x19090000,0x190e0000)]
  0x186f9800 JavaThread "RMI TCP Connection(1)-127.0.0.1" daemon [_thread_in_native, id=17256, stack(0x18ef0000,0x18f40000)]
  0x18132c00 JavaThread "RMI TCP Accept-0" daemon [_thread_in_native, id=35556, stack(0x18470000,0x184c0000)]
  0x180d2800 JavaThread "RMI TCP Accept-65485" daemon [_thread_in_native, id=39096, stack(0x183e0000,0x18430000)]
  0x180ce400 JavaThread "RMI TCP Accept-0" daemon [_thread_in_native, id=53260, stack(0x18350000,0x183a0000)]
  0x175dd000 JavaThread "Service Thread" daemon [_thread_blocked, id=32476, stack(0x17da0000,0x17df0000)]
  0x175d3800 JavaThread "C1 CompilerThread0" daemon [_thread_blocked, id=8088, stack(0x17d10000,0x17d60000)]
  0x175cd000 JavaThread "JDWP Command Reader" daemon [_thread_in_native, id=41944, stack(0x17c80000,0x17cd0000)]
  0x175cc000 JavaThread "JDWP Event Helper Thread" daemon [_thread_blocked, id=60340, stack(0x17bf0000,0x17c40000)]
  0x175c8800 JavaThread "JDWP Transport Listener: dt_socket" daemon [_thread_blocked, id=51664, stack(0x17b60000,0x17bb0000)]
  0x175b7400 JavaThread "Attach Listener" daemon [_thread_blocked, id=54816, stack(0x17ad0000,0x17b20000)]
  0x1758cc00 JavaThread "Signal Dispatcher" daemon [_thread_blocked, id=34564, stack(0x17a40000,0x17a90000)]
  0x17571000 JavaThread "Finalizer" daemon [_thread_blocked, id=34236, stack(0x178b0000,0x17900000)]
  0x1756b000 JavaThread "Reference Handler" daemon [_thread_blocked, id=200148, stack(0x17820000,0x17870000)]

Other Threads:
  0x17554000 VMThread [stack: 0x17790000,0x177e0000] [id=20660]
  0x180e6800 WatcherThread [stack: 0x18500000,0x18550000] [id=238816]

VM state:not at safepoint (normal execution)

VM Mutex/Monitor currently owned by a thread: None

Heap:
 def new generation   total 15488K, used 3551K [0x07000000, 0x080c0000, 0x0c550000)
  eden space 13824K,  25% used [0x07000000, 0x07377c58, 0x07d80000)
  from space 1664K,   0% used [0x07d80000, 0x07d80000, 0x07f20000)
  to   space 1664K,   0% used [0x07f20000, 0x07f20000, 0x080c0000)
 tenured generation   total 34164K, used 20498K [0x0c550000, 0x0e6ad000, 0x17000000)
   the space 34164K,  59% used [0x0c550000, 0x0d954868, 0x0d954a00, 0x0e6ad000)
 Metaspace       used 29608K, capacity 30551K, committed 30592K, reserved 31104K

Card table byte_map: [0x17000000,0x17090000] byte_map_base: 0x16fc8000

Polling page: 0x01310000

CodeCache: size=32768Kb used=4074Kb max_used=4074Kb free=28693Kb
 bounds [0x05000000, 0x05400000, 0x07000000]
 total_blobs=2283 nmethods=2037 adapters=183
 compilation: enabled

Compilation events (10 events):
Event: 4.872 Thread 0x175d3800 2032             java.util.regex.Pattern::next (33 bytes)
Event: 4.872 Thread 0x175d3800 nmethod 2032 0x053e3448 code [0x053e3550, 0x053e363c]
Event: 4.877 Thread 0x175d3800 2033 %           com.sun.crypto.provider.AESCrypt::<clinit> @ 724 (1577 bytes)
Event: 4.879 Thread 0x175d3800 nmethod 2033% 0x053e3708 code [0x053e3cc0, 0x053e7754]
Event: 4.888 Thread 0x175d3800 2034             com.sun.crypto.provider.AESCrypt::mul4 (181 bytes)
Event: 4.888 Thread 0x175d3800 nmethod 2034 0x053ed3c8 code [0x053ed540, 0x053edb70]
Event: 5.006 Thread 0x175d3800 2035             oracle.jdbc.driver.OracleSqlReadOnly::newArray (23 bytes)
Event: 5.006 Thread 0x175d3800 nmethod 2035 0x053ee448 code [0x053ee540, 0x053ee670]
Event: 5.007 Thread 0x175d3800 2036             oracle.jdbc.driver.OracleSqlReadOnly::copyReplacing (49 bytes)
Event: 5.007 Thread 0x175d3800 nmethod 2036 0x053ee708 code [0x053ee800, 0x053ee950]

GC Heap History (10 events):
Event: 4.524 GC heap before
{Heap before GC invocations=55 (full 3):
 def new generation   total 10944K, used 10944K [0x07000000, 0x07bd0000, 0x0c550000)
  eden space 9792K, 100% used [0x07000000, 0x07990000, 0x07990000)
  from space 1152K, 100% used [0x07ab0000, 0x07bd0000, 0x07bd0000)
  to   space 1152K,   0% used [0x07990000, 0x07990000, 0x07ab0000)
 tenured generation   total 24160K, used 19892K [0x0c550000, 0x0dce8000, 0x17000000)
   the space 24160K,  82% used [0x0c550000, 0x0d8bd360, 0x0d8bd400, 0x0dce8000)
 Metaspace       used 26884K, capacity 27807K, committed 27904K, reserved 28032K
Event: 4.529 GC heap after
Heap after GC invocations=56 (full 3):
 def new generation   total 10944K, used 1151K [0x07000000, 0x07bd0000, 0x0c550000)
  eden space 9792K,   0% used [0x07000000, 0x07000000, 0x07990000)
  from space 1152K,  99% used [0x07990000, 0x07aaff38, 0x07ab0000)
  to   space 1152K,   0% used [0x07ab0000, 0x07ab0000, 0x07bd0000)
 tenured generation   total 24160K, used 20767K [0x0c550000, 0x0dce8000, 0x17000000)
   the space 24160K,  85% used [0x0c550000, 0x0d997f68, 0x0d998000, 0x0dce8000)
 Metaspace       used 26884K, capacity 27807K, committed 27904K, reserved 28032K
}
Event: 4.638 GC heap before
{Heap before GC invocations=56 (full 3):
 def new generation   total 10944K, used 10943K [0x07000000, 0x07bd0000, 0x0c550000)
  eden space 9792K, 100% used [0x07000000, 0x07990000, 0x07990000)
  from space 1152K,  99% used [0x07990000, 0x07aaff38, 0x07ab0000)
  to   space 1152K,   0% used [0x07ab0000, 0x07ab0000, 0x07bd0000)
 tenured generation   total 24160K, used 20767K [0x0c550000, 0x0dce8000, 0x17000000)
   the space 24160K,  85% used [0x0c550000, 0x0d997f68, 0x0d998000, 0x0dce8000)
 Metaspace       used 28040K, capacity 28959K, committed 29056K, reserved 29056K
Event: 4.644 GC heap after
Heap after GC invocations=57 (full 3):
 def new generation   total 10944K, used 1152K [0x07000000, 0x07bd0000, 0x0c550000)
  eden space 9792K,   0% used [0x07000000, 0x07000000, 0x07990000)
  from space 1152K, 100% used [0x07ab0000, 0x07bd0000, 0x07bd0000)
  to   space 1152K,   0% used [0x07990000, 0x07990000, 0x07ab0000)
 tenured generation   total 24160K, used 21807K [0x0c550000, 0x0dce8000, 0x17000000)
   the space 24160K,  90% used [0x0c550000, 0x0da9bc30, 0x0da9be00, 0x0dce8000)
 Metaspace       used 28040K, capacity 28959K, committed 29056K, reserved 29056K
}
Event: 4.745 GC heap before
{Heap before GC invocations=57 (full 3):
 def new generation   total 10944K, used 10944K [0x07000000, 0x07bd0000, 0x0c550000)
  eden space 9792K, 100% used [0x07000000, 0x07990000, 0x07990000)
  from space 1152K, 100% used [0x07ab0000, 0x07bd0000, 0x07bd0000)
  to   space 1152K,   0% used [0x07990000, 0x07990000, 0x07ab0000)
 tenured generation   total 24160K, used 21807K [0x0c550000, 0x0dce8000, 0x17000000)
   the space 24160K,  90% used [0x0c550000, 0x0da9bc30, 0x0da9be00, 0x0dce8000)
 Metaspace       used 28235K, capacity 29141K, committed 29184K, reserved 30080K
Event: 4.750 GC heap after
Heap after GC invocations=58 (full 3):
 def new generation   total 10944K, used 821K [0x07000000, 0x07bd0000, 0x0c550000)
  eden space 9792K,   0% used [0x07000000, 0x07000000, 0x07990000)
  from space 1152K,  71% used [0x07990000, 0x07a5d690, 0x07ab0000)
  to   space 1152K,   0% used [0x07ab0000, 0x07ab0000, 0x07bd0000)
 tenured generation   total 24160K, used 22607K [0x0c550000, 0x0dce8000, 0x17000000)
   the space 24160K,  93% used [0x0c550000, 0x0db63eb8, 0x0db64000, 0x0dce8000)
 Metaspace       used 28235K, capacity 29141K, committed 29184K, reserved 30080K
}
Event: 4.820 GC heap before
{Heap before GC invocations=58 (full 3):
 def new generation   total 10944K, used 10611K [0x07000000, 0x07bd0000, 0x0c550000)
  eden space 9792K,  99% used [0x07000000, 0x0798f878, 0x07990000)
  from space 1152K,  71% used [0x07990000, 0x07a5d690, 0x07ab0000)
  to   space 1152K,   0% used [0x07ab0000, 0x07ab0000, 0x07bd0000)
 tenured generation   total 24160K, used 22607K [0x0c550000, 0x0dce8000, 0x17000000)
   the space 24160K,  93% used [0x0c550000, 0x0db63eb8, 0x0db64000, 0x0dce8000)
 Metaspace       used 28660K, capacity 29597K, committed 29696K, reserved 30080K
Event: 4.826 GC heap after
Heap after GC invocations=59 (full 3):
 def new generation   total 10944K, used 1152K [0x07000000, 0x07bd0000, 0x0c550000)
  eden space 9792K,   0% used [0x07000000, 0x07000000, 0x07990000)
  from space 1152K, 100% used [0x07ab0000, 0x07bd0000, 0x07bd0000)
  to   space 1152K,   0% used [0x07990000, 0x07990000, 0x07ab0000)
 tenured generation   total 24160K, used 23502K [0x0c550000, 0x0dce8000, 0x17000000)
   the space 24160K,  97% used [0x0c550000, 0x0dc439d0, 0x0dc43a00, 0x0dce8000)
 Metaspace       used 28660K, capacity 29597K, committed 29696K, reserved 30080K
}
Event: 5.013 GC heap before
{Heap before GC invocations=59 (full 3):
 def new generation   total 10944K, used 10944K [0x07000000, 0x07bd0000, 0x0c550000)
  eden space 9792K, 100% used [0x07000000, 0x07990000, 0x07990000)
  from space 1152K, 100% used [0x07ab0000, 0x07bd0000, 0x07bd0000)
  to   space 1152K,   0% used [0x07990000, 0x07990000, 0x07ab0000)
 tenured generation   total 24160K, used 23502K [0x0c550000, 0x0dce8000, 0x17000000)
   the space 24160K,  97% used [0x0c550000, 0x0dc439d0, 0x0dc43a00, 0x0dce8000)
 Metaspace       used 29416K, capacity 30381K, committed 30464K, reserved 31104K
Event: 5.078 GC heap after
Heap after GC invocations=60 (full 4):
 def new generation   total 15488K, used 0K [0x07000000, 0x080c0000, 0x0c550000)
  eden space 13824K,   0% used [0x07000000, 0x07000000, 0x07d80000)
  from space 1664K,   0% used [0x07d80000, 0x07d80000, 0x07f20000)
  to   space 1664K,   0% used [0x07f20000, 0x07f20000, 0x080c0000)
 tenured generation   total 34164K, used 20498K [0x0c550000, 0x0e6ad000, 0x17000000)
   the space 34164K,  59% used [0x0c550000, 0x0d954868, 0x0d954a00, 0x0e6ad000)
 Metaspace       used 29413K, capacity 30373K, committed 30464K, reserved 31104K
}

Deoptimization events (0 events):
No events

Classes redefined (0 events):
No events

Internal exceptions (10 events):
Event: 4.601 Thread 0x04b23400 Exception <a 'java/lang/ArrayIndexOutOfBoundsException'> (0x075395f0) thrown at [C:\re\workspace\8-2-build-windows-i586-cygwin\jdk8u201\12322\hotspot\src\share\vm\runtime\sharedRuntime.cpp, line 605]
Event: 4.602 Thread 0x04b23400 Exception <a 'java/lang/ArrayIndexOutOfBoundsException'> (0x07543140) thrown at [C:\re\workspace\8-2-build-windows-i586-cygwin\jdk8u201\12322\hotspot\src\share\vm\runtime\sharedRuntime.cpp, line 605]
Event: 4.666 Thread 0x04b23400 Exception <a 'java/lang/ArrayIndexOutOfBoundsException'> (0x0717a9b8) thrown at [C:\re\workspace\8-2-build-windows-i586-cygwin\jdk8u201\12322\hotspot\src\share\vm\runtime\sharedRuntime.cpp, line 605]
Event: 4.724 Thread 0x04b23400 Exception <a 'java/lang/ArrayIndexOutOfBoundsException'> (0x0773a8c0) thrown at [C:\re\workspace\8-2-build-windows-i586-cygwin\jdk8u201\12322\hotspot\src\share\vm\runtime\sharedRuntime.cpp, line 605]
Event: 4.725 Thread 0x04b23400 Exception <a 'java/lang/ArrayIndexOutOfBoundsException'> (0x0774d5b8) thrown at [C:\re\workspace\8-2-build-windows-i586-cygwin\jdk8u201\12322\hotspot\src\share\vm\runtime\sharedRuntime.cpp, line 605]
Event: 4.727 Thread 0x04b23400 Exception <a 'java/lang/ArrayIndexOutOfBoundsException'> (0x0779a5b8) thrown at [C:\re\workspace\8-2-build-windows-i586-cygwin\jdk8u201\12322\hotspot\src\share\vm\runtime\sharedRuntime.cpp, line 605]
Event: 4.751 Thread 0x04b23400 Exception <a 'java/lang/ArrayIndexOutOfBoundsException'> (0x07018f40) thrown at [C:\re\workspace\8-2-build-windows-i586-cygwin\jdk8u201\12322\hotspot\src\share\vm\runtime\sharedRuntime.cpp, line 605]
Event: 4.795 Thread 0x04b23400 Exception <a 'java/lang/ArrayIndexOutOfBoundsException'> (0x0766b530) thrown at [C:\re\workspace\8-2-build-windows-i586-cygwin\jdk8u201\12322\hotspot\src\share\vm\runtime\sharedRuntime.cpp, line 605]
Event: 4.795 Thread 0x04b23400 Exception <a 'java/lang/ArrayIndexOutOfBoundsException'> (0x0766c178) thrown at [C:\re\workspace\8-2-build-windows-i586-cygwin\jdk8u201\12322\hotspot\src\share\vm\runtime\sharedRuntime.cpp, line 605]
Event: 4.795 Thread 0x04b23400 Exception <a 'java/lang/ArrayIndexOutOfBoundsException'> (0x0766def0) thrown at [C:\re\workspace\8-2-build-windows-i586-cygwin\jdk8u201\12322\hotspot\src\share\vm\runtime\sharedRuntime.cpp, line 605]

Events (10 events):
Event: 5.109 Thread 0x19deb000 DEOPT PACKING pc=0x05128954 sp=0x1d91cc50
Event: 5.109 Thread 0x19deb000 DEOPT UNPACKING pc=0x0503c5e5 sp=0x1d91cb70 mode 1
Event: 5.109 loading class oracle/jdbc/driver/KeywordValueI
Event: 5.109 loading class oracle/jdbc/driver/KeywordValueI done
Event: 5.109 Thread 0x19deb000 DEOPT PACKING pc=0x0513cd3c sp=0x1d91c960
Event: 5.109 Thread 0x19deb000 DEOPT UNPACKING pc=0x0503c5e5 sp=0x1d91c810 mode 1
Event: 5.109 Thread 0x19deb000 DEOPT PACKING pc=0x051289e8 sp=0x1d91c9b0
Event: 5.109 Thread 0x19deb000 DEOPT UNPACKING pc=0x0503c5e5 sp=0x1d91c8d0 mode 1
Event: 5.109 Thread 0x19deb000 DEOPT PACKING pc=0x05128954 sp=0x1d91ca90
Event: 5.109 Thread 0x19deb000 DEOPT UNPACKING pc=0x0503c5e5 sp=0x1d91c9b0 mode 1


Dynamic libraries:
0x01330000 - 0x01363000 	C:\Program Files (x86)\Java\jdk1.8.0_201\bin\java.exe
0x77a20000 - 0x77bad000 	C:\WINDOWS\SYSTEM32\ntdll.dll
0x74470000 - 0x74540000 	C:\WINDOWS\System32\KERNEL32.DLL
0x76ff0000 - 0x771c7000 	C:\WINDOWS\System32\KERNELBASE.dll
0x73120000 - 0x731ba000 	C:\WINDOWS\SYSTEM32\apphelp.dll
0x77940000 - 0x779b8000 	C:\WINDOWS\System32\ADVAPI32.dll
0x76f20000 - 0x76fdd000 	C:\WINDOWS\System32\msvcrt.dll
0x753d0000 - 0x75413000 	C:\WINDOWS\System32\sechost.dll
0x77760000 - 0x7781e000 	C:\WINDOWS\System32\RPCRT4.dll
0x74440000 - 0x74460000 	C:\WINDOWS\System32\SspiCli.dll
0x74430000 - 0x7443a000 	C:\WINDOWS\System32\CRYPTBASE.dll
0x74930000 - 0x74987000 	C:\WINDOWS\System32\bcryptPrimitives.dll
0x76ce0000 - 0x76e55000 	C:\WINDOWS\System32\USER32.dll
0x76f00000 - 0x76f16000 	C:\WINDOWS\System32\win32u.dll
0x76e70000 - 0x76e92000 	C:\WINDOWS\System32\GDI32.dll
0x77340000 - 0x7749e000 	C:\WINDOWS\System32\gdi32full.dll
0x77820000 - 0x7789c000 	C:\WINDOWS\System32\msvcp_win.dll
0x74540000 - 0x74657000 	C:\WINDOWS\System32\ucrtbase.dll
0x71580000 - 0x71791000 	C:\WINDOWS\WinSxS\x86_microsoft.windows.common-controls_6595b64144ccf1df_6.0.16299.309_none_5d7d0b9ba7da9417\COMCTL32.dll
0x75180000 - 0x753c6000 	C:\WINDOWS\System32\combase.dll
0x77310000 - 0x77335000 	C:\WINDOWS\System32\IMM32.DLL
0x6d810000 - 0x6d8cf000 	C:\Program Files (x86)\Java\jdk1.8.0_201\jre\bin\msvcr100.dll
0x67170000 - 0x67545000 	C:\Program Files (x86)\Java\jdk1.8.0_201\jre\bin\client\jvm.dll
0x76fe0000 - 0x76fe6000 	C:\WINDOWS\System32\PSAPI.DLL
0x6c1b0000 - 0x6c1b8000 	C:\WINDOWS\SYSTEM32\WSOCK32.dll
0x74010000 - 0x74034000 	C:\WINDOWS\SYSTEM32\WINMM.dll
0x74f80000 - 0x74fe6000 	C:\WINDOWS\System32\WS2_32.dll
0x73fe0000 - 0x74003000 	C:\WINDOWS\SYSTEM32\winmmbase.dll
0x74420000 - 0x74428000 	C:\WINDOWS\SYSTEM32\VERSION.dll
0x77900000 - 0x77938000 	C:\WINDOWS\System32\cfgmgr32.dll
0x6dca0000 - 0x6dcac000 	C:\Program Files (x86)\Java\jdk1.8.0_201\jre\bin\verify.dll
0x6dad0000 - 0x6daf1000 	C:\Program Files (x86)\Java\jdk1.8.0_201\jre\bin\java.dll
0x6d450000 - 0x6d47b000 	C:\Program Files (x86)\Java\jdk1.8.0_201\jre\bin\jdwp.dll
0x6d7e0000 - 0x6d7e7000 	C:\Program Files (x86)\Java\jdk1.8.0_201\jre\bin\npt.dll
0x6d7f0000 - 0x6d804000 	C:\Program Files (x86)\Java\jdk1.8.0_201\jre\bin\zip.dll
0x75420000 - 0x76753000 	C:\WINDOWS\System32\SHELL32.dll
0x771d0000 - 0x77258000 	C:\WINDOWS\System32\shcore.dll
0x749b0000 - 0x74f76000 	C:\WINDOWS\System32\windows.storage.dll
0x76c90000 - 0x76cd5000 	C:\WINDOWS\System32\shlwapi.dll
0x77300000 - 0x7730e000 	C:\WINDOWS\System32\kernel.appcore.dll
0x76eb0000 - 0x76ef5000 	C:\WINDOWS\System32\powrprof.dll
0x74990000 - 0x749a4000 	C:\WINDOWS\System32\profapi.dll
0x6d7d0000 - 0x6d7d8000 	C:\Program Files (x86)\Java\jdk1.8.0_201\jre\bin\dt_socket.dll
0x73460000 - 0x734b5000 	C:\WINDOWS\system32\mswsock.dll
0x6d7b0000 - 0x6d7ba000 	C:\Program Files (x86)\Java\jdk1.8.0_201\jre\bin\management.dll
0x6d430000 - 0x6d445000 	C:\Program Files (x86)\Java\jdk1.8.0_201\jre\bin\net.dll
0x6f260000 - 0x6f3ec000 	C:\WINDOWS\SYSTEM32\urlmon.dll
0x774a0000 - 0x774b9000 	C:\WINDOWS\System32\imagehlp.dll
0x6ec50000 - 0x6ee6a000 	C:\WINDOWS\SYSTEM32\iertutil.dll
0x6d420000 - 0x6d42f000 	C:\Program Files (x86)\Java\jdk1.8.0_201\jre\bin\nio.dll
0x71ff0000 - 0x72001000 	C:\WINDOWS\system32\napinsp.dll
0x71fd0000 - 0x71fe6000 	C:\WINDOWS\system32\pnrpnsp.dll
0x71fb0000 - 0x71fc3000 	C:\WINDOWS\system32\NLAapi.dll
0x73c10000 - 0x73ca4000 	C:\WINDOWS\SYSTEM32\DNSAPI.dll
0x76e60000 - 0x76e67000 	C:\WINDOWS\System32\NSI.dll
0x742e0000 - 0x74310000 	C:\WINDOWS\SYSTEM32\IPHLPAPI.DLL
0x71fa0000 - 0x71fac000 	C:\WINDOWS\System32\winrnr.dll
0x73ae0000 - 0x73ae8000 	C:\Windows\System32\rasadhlp.dll
0x71f50000 - 0x71f9e000 	C:\WINDOWS\System32\fwpuclnt.dll
0x72f40000 - 0x72f59000 	C:\WINDOWS\SYSTEM32\bcrypt.dll
0x71f30000 - 0x71f43000 	C:\WINDOWS\SYSTEM32\CRYPTSP.dll
0x71f00000 - 0x71f2f000 	C:\WINDOWS\system32\rsaenh.dll
0x743e0000 - 0x74402000 	C:\WINDOWS\SYSTEM32\USERENV.dll
0x734c0000 - 0x734d3000 	C:\WINDOWS\SYSTEM32\dhcpcsvc6.DLL
0x73fc0000 - 0x73fd4000 	C:\WINDOWS\SYSTEM32\dhcpcsvc.DLL
0x66f10000 - 0x67057000 	C:\Program Files (x86)\Java\jdk1.8.0_201\jre\bin\awt.dll
0x77260000 - 0x772f3000 	C:\WINDOWS\System32\OLEAUT32.dll
0x71390000 - 0x71409000 	C:\WINDOWS\system32\uxtheme.dll
0x747e0000 - 0x74924000 	C:\WINDOWS\System32\MSCTF.dll
0x6dbc0000 - 0x6dbe3000 	C:\WINDOWS\system32\dwmapi.dll
0x76760000 - 0x76857000 	C:\WINDOWS\System32\ole32.dll
0x73040000 - 0x7311f000 	C:\WINDOWS\system32\opengl32.dll
0x73010000 - 0x73035000 	C:\WINDOWS\SYSTEM32\GLU32.dll
0x1bda0000 - 0x1bddd000 	C:\Users\Administrator.USER01801171630\AppData\Local\Temp\jna-146731693\jna2508613852376398485.dll
0x6fec0000 - 0x6fed3000 	\\?\C:\Users\ADMINI~1.USE\Desktop\kkjk\target\classes\HVDEVI~1.DLL
0x6eb40000 - 0x6eb63000 	\\?\C:\Users\ADMINI~1.USE\Desktop\kkjk\target\classes\libgcc_s_dw2-1.dll
0x670d0000 - 0x67164000 	\\?\C:\Users\ADMINI~1.USE\Desktop\kkjk\target\classes\avutil-54.dll
0x668a0000 - 0x66f03000 	\\?\C:\Users\ADMINI~1.USE\Desktop\kkjk\target\classes\avformat-56.dll
0x74ff0000 - 0x75172000 	C:\WINDOWS\System32\CRYPT32.dll
0x5e590000 - 0x602be000 	\\?\C:\Users\ADMINI~1.USE\Desktop\kkjk\target\classes\avcodec-56.dll
0x76ea0000 - 0x76eae000 	C:\WINDOWS\System32\MSASN1.dll
0x6a4d0000 - 0x6a55b000 	\\?\C:\Users\ADMINI~1.USE\Desktop\kkjk\target\classes\swscale-3.dll
0x661b0000 - 0x6631c000 	C:\WINDOWS\SYSTEM32\d3d9.dll
0x66840000 - 0x6689c000 	\\?\C:\Users\ADMINI~1.USE\Desktop\kkjk\target\classes\swresample-1.dll
0x66800000 - 0x66839000 	C:\Program Files (x86)\Java\jdk1.8.0_201\jre\bin\fontmanager.dll
0x667c0000 - 0x667f2000 	C:\Program Files (x86)\Java\jdk1.8.0_201\jre\bin\t2k.dll
0x62b40000 - 0x63feb000 	\\?\C:\Users\ADMINI~1.USE\Desktop\kkjk\target\classes\dll\HvDevice.dll
0x66730000 - 0x667b5000 	\\?\C:\Users\ADMINI~1.USE\Desktop\kkjk\target\classes\dll\MSVCP110.dll
0x66650000 - 0x66726000 	\\?\C:\Users\ADMINI~1.USE\Desktop\kkjk\target\classes\dll\MSVCR110.dll
0x66580000 - 0x665a0000 	C:\Program Files (x86)\Java\jdk1.8.0_201\jre\bin\sunec.dll
0x72520000 - 0x726a1000 	C:\WINDOWS\SYSTEM32\dbghelp.dll

VM Arguments:
jvm_args: -agentlib:jdwp=transport=dt_socket,address=127.0.0.1:65486,suspend=y,server=n -XX:TieredStopAtLevel=1 -Xverify:none -Dspring.output.ansi.enabled=always -Dcom.sun.management.jmxremote -Dcom.sun.management.jmxremote.port=65485 -Dcom.sun.management.jmxremote.authenticate=false -Dcom.sun.management.jmxremote.ssl=false -Dspring.liveBeansView.mbeanDomain -Dspring.application.admin.enabled=true -Dfile.encoding=UTF-8 
java_command: com.mydao.kkjk.KkjkApplication
java_class_path (initial): C:\Program Files (x86)\Java\jdk1.8.0_201\jre\lib\charsets.jar;C:\Program Files (x86)\Java\jdk1.8.0_201\jre\lib\deploy.jar;C:\Program Files (x86)\Java\jdk1.8.0_201\jre\lib\ext\access-bridge-32.jar;C:\Program Files (x86)\Java\jdk1.8.0_201\jre\lib\ext\cldrdata.jar;C:\Program Files (x86)\Java\jdk1.8.0_201\jre\lib\ext\dnsns.jar;C:\Program Files (x86)\Java\jdk1.8.0_201\jre\lib\ext\jaccess.jar;C:\Program Files (x86)\Java\jdk1.8.0_201\jre\lib\ext\jfxrt.jar;C:\Program Files (x86)\Java\jdk1.8.0_201\jre\lib\ext\localedata.jar;C:\Program Files (x86)\Java\jdk1.8.0_201\jre\lib\ext\nashorn.jar;C:\Program Files (x86)\Java\jdk1.8.0_201\jre\lib\ext\sunec.jar;C:\Program Files (x86)\Java\jdk1.8.0_201\jre\lib\ext\sunjce_provider.jar;C:\Program Files (x86)\Java\jdk1.8.0_201\jre\lib\ext\sunmscapi.jar;C:\Program Files (x86)\Java\jdk1.8.0_201\jre\lib\ext\sunpkcs11.jar;C:\Program Files (x86)\Java\jdk1.8.0_201\jre\lib\ext\zipfs.jar;C:\Program Files (x86)\Java\jdk1.8.0_201\jre\lib\javaws.jar;C:\Program Files (x86)\Java\jdk1.8.0_201\jre\lib\jce.jar;C:\Program Files (x86)\Java\jdk1.8.0_201\jre\lib\jfr.jar;C:\Program Files (x86)\Java\jdk1.8.0_201\jre\lib\jfxswt.jar;C:\Program Files (x86)\Java\jdk1.8.0_201\jre\lib\jsse.jar;C:\Program Files (x86)\Java\jdk1.8.0_201\jre\lib\management-agent.jar;C:\Program Files (x86)\Java\jdk1.8.0_201\jre\lib\plugin.jar;C:\Program Files (x86)\Java\jdk1.8.0_201\jre\lib\resources.jar;C:\Program Files (x86)\Java\jdk1.8.0_201\jre\lib\rt.jar;C:\Users\Administrator.USER01801171630\Desktop\kkjk\target\classes;C:\Users\Administrator.USER01801171630\Desktop\HvDeviceDemo\lib\commons-httpclient-3.1.jar;C:\Users\Administrator.USER01801171630\Desktop\HvDeviceDemo\lib\commons-net-3.6.jar;C:\Users\Administrator.USER01801171630\Desktop\HvDeviceDemo\lib\httpclient-4.5.6.jar;C:\Users\Administrator.USER01801171630\Desktop\HvDeviceDemo\lib\jna-4.1.0.jar;C:\Users\Administrator.USER01801171630\Desktop\HvDeviceDemo\lib\JNative.jar;C:\Users\Administrator.USER018
Launcher Type: SUN_STANDARD

Environment Variables:
JAVA_HOME=C:\Program Files (x86)\Java\jdk1.7.0_72
CLASSPATH=C:\Program Files (x86)\Java\jdk1.7.0_72\bin\dt.jar;C:\Program Files (x86)\Java\jdk1.7.0_72\lib\tools.jar
PATH=C:\Program Files (x86)\Common Files\Oracle\Java\javapath;E:\oracle\Administrator\product\11.2.0\client_1\bin;C:\Program Files\Microsoft MPI\Bin\;E:\app\Administrator\product\11.2.0\dbhome_1\bin;C:\ProgramData\Oracle\Java\javapath;C:\WINDOWS\system32;C:\WINDOWS;C:\WINDOWS\System32\Wbem;C:\WINDOWS\System32\WindowsPowerShell\v1.0\;C:\Program Files (x86)\Java\jdk1.7.0_72\bin;C:\Program Files (x86)\Java\jdk1.7.0_72\jre\bin;D:\apache-maven-3.5.0\apache-maven-3.5.0\bin;C:\Program Files\dotnet\;D:\WinSCP\;D:\Git\cmd;E:\php7.1;E:\php7.1\ext;E:\mysql5.7\mysql-5.7.21-winx64\bin;E:\composer;C:\Program Files (x86)\Microsoft SQL Server\100\Tools\Binn\;C:\Program Files\Microsoft SQL Server\100\Tools\Binn\;C:\Program Files\Microsoft SQL Server\100\DTS\Binn\;C:\Program Files (x86)\Microsoft SQL Server\100\DTS\Binn\;C:\Program Files (x86)\Microsoft SQL Server\100\Tools\Binn\VSShell\Common7\IDE\;D:\nodejs\;C:\Program Files\Redis\;C:\Users\Administrator.USER01801171630\AppData\Local\Microsoft\WindowsApps;C:\Users\Administrator.USER01801171630\AppData\Roaming\Composer\vendor\bin;C:\Program Files\erl10.0.1\bin;C:\Users\Administrator.USER01801171630\AppData\Local\GitHubDesktop\bin;C:\Users\Administrator.USER01801171630\AppData\Roaming\npm;D:\apache-maven-3.5.4\bin;C:\Program Files\erl10.0.1\bin;D:\rabbitmq\rabbitmq_server-3.7.9\sbin;C:\Program Files\erl10.0.1\bin\erl.exe;
USERNAME=Administrator
OS=Windows_NT
PROCESSOR_IDENTIFIER=Intel64 Family 6 Model 158 Stepping 9, GenuineIntel



---------------  S Y S T E M  ---------------

OS: Windows 10.0 , 64 bit Build 16299 (10.0.16299.15)

CPU:total 4 (initial active 4) (4 cores per cpu, 1 threads per core) family 6 model 158 stepping 9, cmov, cx8, fxsr, mmx, sse, sse2, sse3, ssse3, sse4.1, sse4.2, popcnt, avx, avx2, aes, clmul, erms, rtm, 3dnowpref, lzcnt, tsc, tscinvbit, bmi1, bmi2, adx

Memory: 4k page, physical 8253556k(2352848k free), swap 13105788k(4040760k free)

vm_info: Java HotSpot(TM) Client VM (25.201-b09) for windows-x86 JRE (1.8.0_201-b09), built on Dec 16 2018 00:13:48 by "java_re" with MS VC++ 10.0 (VS2010)

time: Mon Jan 21 18:12:04 2019
timezone: 中国标准时间
elapsed time: 5 seconds (0d 0h 0m 5s)

