#
# A fatal error has been detected by the Java Runtime Environment:
#
#  EXCEPTION_ACCESS_VIOLATION (0xc0000005) at pc=0x77a6319e, pid=256332, tid=203708
#
# JRE version: Java(TM) SE Runtime Environment (7.0_45-b18) (build 1.7.0_45-b18)
# Java VM: Java HotSpot(TM) Client VM (24.45-b08 mixed mode, sharing windows-x86 )
# Problematic frame:
# C  [ntdll.dll+0x4319e]
#
# Failed to write core dump. Minidumps are not enabled by default on client versions of Windows
#
# If you would like to submit a bug report, please visit:
#   http://bugreport.sun.com/bugreport/crash.jsp
# The crash happened outside the Java Virtual Machine in native code.
# See problematic frame for where to report the bug.
#

---------------  T H R E A D  ---------------

Current thread (0x07398000):  JavaThread "Thread-149" [_thread_in_native, id=203708, stack(0x0abf0000,0x0ac40000)]

siginfo: ExceptionCode=0xc0000005, reading address 0x00000834

Registers:
EAX=0x00000834, EBX=0x0b0d0fc8, ECX=0x08000008, EDX=0x0b0d0fd0
ESP=0x0ac3da10, EBP=0x0ac3dbd0, ESI=0x03344908, EDI=0x03340000
EIP=0x77a6319e, EFLAGS=0x00010293

Top of Stack: (sp=0x0ac3da10)
0x0ac3da10:   9b68c8b2 00000775 03340000 0ac3dc20
0x0ac3da20:   5abcf23f 0747fda4 07398000 368bb380
0x0ac3da30:   08000008 04cd5270 0108fdf4 00000000
0x0ac3da40:   fa0000fa 00000000 0ac3dc98 0ac3db00
0x0ac3da50:   08000008 0ad311b8 0108fdf4 0747fdac
0x0ac3da60:   07480184 000003ec 0ac3e240 0ac3db08
0x0ac3da70:   0000000a 00000000 26992178 0ac3dac4
0x0ac3da80:   5ac92aee 0ac3db00 fffffffb ffff020f 

Instructions: (pc=0x77a6319e)
0x77a6317e:   90 8b 55 e4 85 f6 0f 84 9d 04 00 00 8d 87 c0 00
0x77a6318e:   00 00 3b c6 0f 85 33 02 00 00 8d 53 08 8b 46 04
0x77a6319e:   8b 08 3b ce 0f 85 19 3a 05 00 89 32 89 42 04 89
0x77a631ae:   10 89 56 04 0f b7 03 01 47 74 8b 8f b4 00 00 00 


Register to memory mapping:

EAX=0x00000834 is an unknown value
EBX=0x0b0d0fc8 is an unknown value
ECX=0x08000008 is an unknown value
EDX=0x0b0d0fd0 is an unknown value
ESP=0x0ac3da10 is pointing into the stack for thread: 0x07398000
EBP=0x0ac3dbd0 is pointing into the stack for thread: 0x07398000
ESI=0x03344908 is an unknown value
EDI=0x03340000 is an unknown value


Stack: [0x0abf0000,0x0ac40000],  sp=0x0ac3da10,  free space=310k
Native frames: (J=compiled Java code, j=interpreted, Vv=VM code, C=native code)
C  [ntdll.dll+0x4319e]
C  [ntdll.dll+0x416b7]
C  [ntdll.dll+0x413ee]
C  [msvcrt.dll+0x47250]
C  [jna2793580625606023249.dll+0x70f1]
J  com.sun.jna.Native.malloc(J)J
J  com.sun.jna.Memory.<init>(J)V
j  com.sun.jna.NativeString.<init>(Ljava/lang/String;Z)V+14
j  com.sun.jna.Function.convertArgument([Ljava/lang/Object;ILjava/lang/reflect/Method;Lcom/sun/jna/TypeMapper;ZLjava/lang/Class;)Ljava/lang/Object;+293
J  com.sun.jna.Function.invoke(Ljava/lang/Class;[Ljava/lang/Object;Ljava/util/Map;)Ljava/lang/Object;
j  com.sun.proxy.$Proxy1.HVAPIUTILS_ParsePlateXmlStringEx(Ljava/lang/String;[BI)I+27
j  com.signalway.callback.HvDeviceCallBackResult$ResultFunction.result(Lcom/signalway/sdk/HvDeviceDataType$HvResult$ByReference;IIILjava/lang/String;Ljava/lang/String;JLcom/signalway/sdk/HvDeviceDataType$CImageInfo$ByValue;Lcom/signalway/sdk/HvDeviceDataType$CImageInfo$ByValue;Lcom/signalway/sdk/HvDeviceDataType$CImageInfo$ByValue;Lcom/signalway/sdk/HvDeviceDataType$CImageInfo$ByValue;Lcom/signalway/sdk/HvDeviceDataType$CImageInfo$ByValue;Lcom/signalway/sdk/HvDeviceDataType$CImageInfo$ByValue;Lcom/signalway/sdk/HvDeviceDataType$CImageInfo$ByValue;)I+154
j  sun.reflect.GeneratedMethodAccessor4.invoke(Ljava/lang/Object;[Ljava/lang/Object;)Ljava/lang/Object;+465
j  sun.reflect.DelegatingMethodAccessorImpl.invoke(Ljava/lang/Object;[Ljava/lang/Object;)Ljava/lang/Object;+6
j  java.lang.reflect.Method.invoke(Ljava/lang/Object;[Ljava/lang/Object;)Ljava/lang/Object;+57
J  com.sun.jna.CallbackReference$DefaultCallbackProxy.invokeCallback([Ljava/lang/Object;)Ljava/lang/Object;
v  ~StubRoutines::call_stub
V  [jvm.dll+0x13f1fa]
V  [jvm.dll+0x202aee]
V  [jvm.dll+0x13f27d]
V  [jvm.dll+0xc9bc2]
V  [jvm.dll+0xcb9ef]
C  [jna2793580625606023249.dll+0xaa32]
C  [jna2793580625606023249.dll+0xb469]
C  [jna2793580625606023249.dll+0xdcf2]
C  [jna2793580625606023249.dll+0xe41e]
C  [HvDevice.dll+0xb9dc]
C  [HvDevice.dll+0x9b96]
C  [HvDevice.dll+0x1589d]
C  [HvDevice.dll+0x14bab]
C  [HvDevice.dll+0x14347]
C  [HvDevice.dll+0x7186]
C  [HvDevice.dll+0x6bf5]
C  [HvDevice.dll+0x6778]
C  [MSVCR110.dll+0x2f2e9]
C  [MSVCR110.dll+0x2f2cd]
C  [KERNEL32.DLL+0x18654]
C  [ntdll.dll+0x64a77]
C  [ntdll.dll+0x64a47]

Java frames: (J=compiled Java code, j=interpreted, Vv=VM code)
J  com.sun.jna.Native.malloc(J)J
J  com.sun.jna.Memory.<init>(J)V
j  com.sun.jna.NativeString.<init>(Ljava/lang/String;Ljava/lang/String;)V+84
j  com.sun.jna.NativeString.<init>(Ljava/lang/String;Z)V+14
j  com.sun.jna.Function.convertArgument([Ljava/lang/Object;ILjava/lang/reflect/Method;Lcom/sun/jna/TypeMapper;ZLjava/lang/Class;)Ljava/lang/Object;+293
J  com.sun.jna.Function.invoke(Ljava/lang/Class;[Ljava/lang/Object;Ljava/util/Map;)Ljava/lang/Object;
j  com.sun.jna.Library$Handler.invoke(Ljava/lang/Object;Ljava/lang/reflect/Method;[Ljava/lang/Object;)Ljava/lang/Object;+316
j  com.sun.proxy.$Proxy1.HVAPIUTILS_ParsePlateXmlStringEx(Ljava/lang/String;[BI)I+27
j  com.signalway.callback.HvDeviceCallBackResult$ResultFunction.result(Lcom/signalway/sdk/HvDeviceDataType$HvResult$ByReference;IIILjava/lang/String;Ljava/lang/String;JLcom/signalway/sdk/HvDeviceDataType$CImageInfo$ByValue;Lcom/signalway/sdk/HvDeviceDataType$CImageInfo$ByValue;Lcom/signalway/sdk/HvDeviceDataType$CImageInfo$ByValue;Lcom/signalway/sdk/HvDeviceDataType$CImageInfo$ByValue;Lcom/signalway/sdk/HvDeviceDataType$CImageInfo$ByValue;Lcom/signalway/sdk/HvDeviceDataType$CImageInfo$ByValue;Lcom/signalway/sdk/HvDeviceDataType$CImageInfo$ByValue;)I+154
j  sun.reflect.GeneratedMethodAccessor4.invoke(Ljava/lang/Object;[Ljava/lang/Object;)Ljava/lang/Object;+465
j  sun.reflect.DelegatingMethodAccessorImpl.invoke(Ljava/lang/Object;[Ljava/lang/Object;)Ljava/lang/Object;+6
j  java.lang.reflect.Method.invoke(Ljava/lang/Object;[Ljava/lang/Object;)Ljava/lang/Object;+57
J  com.sun.jna.CallbackReference$DefaultCallbackProxy.invokeCallback([Ljava/lang/Object;)Ljava/lang/Object;
j  com.sun.jna.CallbackReference$DefaultCallbackProxy.callback([Ljava/lang/Object;)Ljava/lang/Object;+2
v  ~StubRoutines::call_stub

---------------  P R O C E S S  ---------------

Java Threads: ( => current thread )
=>0x07398000 JavaThread "Thread-149" [_thread_in_native, id=203708, stack(0x0abf0000,0x0ac40000)]
  0x07549800 JavaThread "TimerQueue" daemon [_thread_blocked, id=2860, stack(0x0a220000,0x0a270000)]
  0x07472400 JavaThread "Timer-0" [_thread_blocked, id=183756, stack(0x0a0d0000,0x0a120000)]
  0x04dad000 JavaThread "DestroyJavaVM" [_thread_blocked, id=196056, stack(0x03250000,0x032a0000)]
  0x073ee800 JavaThread "AWT-Windows" daemon [_thread_in_native, id=266456, stack(0x07730000,0x07780000)]
  0x073ed000 JavaThread "Java2D Disposer" daemon [_thread_blocked, id=236732, stack(0x07610000,0x07660000)]
  0x04d42c00 JavaThread "Service Thread" daemon [_thread_blocked, id=241352, stack(0x07290000,0x072e0000)]
  0x04d2e800 JavaThread "C1 CompilerThread0" daemon [_thread_blocked, id=234840, stack(0x07200000,0x07250000)]
  0x04d2d800 JavaThread "Attach Listener" daemon [_thread_blocked, id=240740, stack(0x07170000,0x071c0000)]
  0x04d2b800 JavaThread "Signal Dispatcher" daemon [_thread_blocked, id=230952, stack(0x070e0000,0x07130000)]
  0x04cc1800 JavaThread "Finalizer" daemon [_thread_blocked, id=208828, stack(0x07050000,0x070a0000)]
  0x04cbfc00 JavaThread "Reference Handler" daemon [_thread_blocked, id=241156, stack(0x06fc0000,0x07010000)]

Other Threads:
  0x04cbe800 VMThread [stack: 0x06f30000,0x06f80000] [id=259840]
  0x04d68000 WatcherThread [stack: 0x07320000,0x07370000] [id=263928]

VM state:not at safepoint (normal execution)

VM Mutex/Monitor currently owned by a thread: None

Heap
 def new generation   total 4992K, used 1775K [0x26860000, 0x26dc0000, 0x2bdb0000)
  eden space 4480K,  28% used [0x26860000, 0x2699bf98, 0x26cc0000)
  from space 512K, 100% used [0x26d40000, 0x26dc0000, 0x26dc0000)
  to   space 512K,   0% used [0x26cc0000, 0x26cc0000, 0x26d40000)
 tenured generation   total 10944K, used 6057K [0x2bdb0000, 0x2c860000, 0x36860000)
   the space 10944K,  55% used [0x2bdb0000, 0x2c39a798, 0x2c39a800, 0x2c860000)
 compacting perm gen  total 12288K, used 3632K [0x36860000, 0x37460000, 0x3a860000)
   the space 12288K,  29% used [0x36860000, 0x36bec220, 0x36bec400, 0x37460000)
    ro space 10240K,  44% used [0x3a860000, 0x3acd7808, 0x3acd7a00, 0x3b260000)
    rw space 12288K,  52% used [0x3b260000, 0x3b8ae610, 0x3b8ae800, 0x3be60000)

Card table byte_map: [0x06db0000,0x06e60000] byte_map_base: 0x06c7bd00

Polling page: 0x00bf0000

Code Cache  [0x04db0000, 0x04f98000, 0x06db0000)
 total_blobs=968 nmethods=743 adapters=162 free_code_cache=30826Kb largest_free_block=31566080

Compilation events (10 events):
Event: 345.838 Thread 0x04d2e800  743             oracle.net.ns.NetInputStream::processPacket (102 bytes)
Event: 345.838 Thread 0x04d2e800 nmethod 743 0x04f927c8 code [0x04f92910, 0x04f92bdc]
Event: 356.666 Thread 0x04d2e800  744             java.net.URI$Parser::scanByte (44 bytes)
Event: 356.666 Thread 0x04d2e800 nmethod 744 0x04f92dc8 code [0x04f92ee0, 0x04f93024]
Event: 356.666 Thread 0x04d2e800  745             java.net.URI$Parser::checkChars (44 bytes)
Event: 356.666 Thread 0x04d2e800 nmethod 745 0x04f93148 code [0x04f93290, 0x04f9356c]
Event: 417.268 Thread 0x04d2e800  746             java.util.Formatter::parse (151 bytes)
Event: 417.271 Thread 0x04d2e800 nmethod 746 0x04f93848 code [0x04f93a90, 0x04f94488]
Event: 428.434 Thread 0x04d2e800  747             java.util.HashMap::removeEntryForKey (159 bytes)
Event: 428.434 Thread 0x04d2e800 nmethod 747 0x04f950c8 code [0x04f95200, 0x04f95484]

GC Heap History (10 events):
Event: 417.078 GC heap before
{Heap before GC invocations=70 (full 3):
 def new generation   total 4992K, used 4971K [0x26860000, 0x26dc0000, 0x2bdb0000)
  eden space 4480K,  99% used [0x26860000, 0x26cbae08, 0x26cc0000)
  from space 512K, 100% used [0x26cc0000, 0x26d40000, 0x26d40000)
  to   space 512K,   0% used [0x26d40000, 0x26d40000, 0x26dc0000)
 tenured generation   total 10944K, used 9409K [0x2bdb0000, 0x2c860000, 0x36860000)
   the space 10944K,  85% used [0x2bdb0000, 0x2c6e0690, 0x2c6e0800, 0x2c860000)
 compacting perm gen  total 12288K, used 3636K [0x36860000, 0x37460000, 0x3a860000)
   the space 12288K,  29% used [0x36860000, 0x36bed190, 0x36bed200, 0x37460000)
    ro space 10240K,  44% used [0x3a860000, 0x3acd7808, 0x3acd7a00, 0x3b260000)
    rw space 12288K,  52% used [0x3b260000, 0x3b8ae610, 0x3b8ae800, 0x3be60000)
Event: 417.080 GC heap after
Heap after GC invocations=71 (full 3):
 def new generation   total 4992K, used 324K [0x26860000, 0x26dc0000, 0x2bdb0000)
  eden space 4480K,   0% used [0x26860000, 0x26860000, 0x26cc0000)
  from space 512K,  63% used [0x26d40000, 0x26d91318, 0x26dc0000)
  to   space 512K,   0% used [0x26cc0000, 0x26cc0000, 0x26d40000)
 tenured generation   total 10944K, used 9808K [0x2bdb0000, 0x2c860000, 0x36860000)
   the space 10944K,  89% used [0x2bdb0000, 0x2c7440c0, 0x2c744200, 0x2c860000)
 compacting perm gen  total 12288K, used 3636K [0x36860000, 0x37460000, 0x3a860000)
   the space 12288K,  29% used [0x36860000, 0x36bed190, 0x36bed200, 0x37460000)
    ro space 10240K,  44% used [0x3a860000, 0x3acd7808, 0x3acd7a00, 0x3b260000)
    rw space 12288K,  52% used [0x3b260000, 0x3b8ae610, 0x3b8ae800, 0x3be60000)
}
Event: 417.269 GC heap before
{Heap before GC invocations=71 (full 3):
 def new generation   total 4992K, used 4804K [0x26860000, 0x26dc0000, 0x2bdb0000)
  eden space 4480K, 100% used [0x26860000, 0x26cc0000, 0x26cc0000)
  from space 512K,  63% used [0x26d40000, 0x26d91318, 0x26dc0000)
  to   space 512K,   0% used [0x26cc0000, 0x26cc0000, 0x26d40000)
 tenured generation   total 10944K, used 9808K [0x2bdb0000, 0x2c860000, 0x36860000)
   the space 10944K,  89% used [0x2bdb0000, 0x2c7440c0, 0x2c744200, 0x2c860000)
 compacting perm gen  total 12288K, used 3636K [0x36860000, 0x37460000, 0x3a860000)
   the space 12288K,  29% used [0x36860000, 0x36bed190, 0x36bed200, 0x37460000)
    ro space 10240K,  44% used [0x3a860000, 0x3acd7808, 0x3acd7a00, 0x3b260000)
    rw space 12288K,  52% used [0x3b260000, 0x3b8ae610, 0x3b8ae800, 0x3be60000)
Event: 417.270 GC heap after
Heap after GC invocations=72 (full 3):
 def new generation   total 4992K, used 512K [0x26860000, 0x26dc0000, 0x2bdb0000)
  eden space 4480K,   0% used [0x26860000, 0x26860000, 0x26cc0000)
  from space 512K, 100% used [0x26cc0000, 0x26d40000, 0x26d40000)
  to   space 512K,   0% used [0x26d40000, 0x26d40000, 0x26dc0000)
 tenured generation   total 10944K, used 10419K [0x2bdb0000, 0x2c860000, 0x36860000)
   the space 10944K,  95% used [0x2bdb0000, 0x2c7dcd90, 0x2c7dce00, 0x2c860000)
 compacting perm gen  total 12288K, used 3636K [0x36860000, 0x37460000, 0x3a860000)
   the space 12288K,  29% used [0x36860000, 0x36bed190, 0x36bed200, 0x37460000)
    ro space 10240K,  44% used [0x3a860000, 0x3acd7808, 0x3acd7a00, 0x3b260000)
    rw space 12288K,  52% used [0x3b260000, 0x3b8ae610, 0x3b8ae800, 0x3be60000)
}
Event: 420.922 GC heap before
{Heap before GC invocations=72 (full 3):
 def new generation   total 4992K, used 4992K [0x26860000, 0x26dc0000, 0x2bdb0000)
  eden space 4480K, 100% used [0x26860000, 0x26cc0000, 0x26cc0000)
  from space 512K, 100% used [0x26cc0000, 0x26d40000, 0x26d40000)
  to   space 512K,   0% used [0x26d40000, 0x26d40000, 0x26dc0000)
 tenured generation   total 10944K, used 10419K [0x2bdb0000, 0x2c860000, 0x36860000)
   the space 10944K,  95% used [0x2bdb0000, 0x2c7dcd90, 0x2c7dce00, 0x2c860000)
 compacting perm gen  total 12288K, used 3636K [0x36860000, 0x37460000, 0x3a860000)
   the space 12288K,  29% used [0x36860000, 0x36bed190, 0x36bed200, 0x37460000)
    ro space 10240K,  44% used [0x3a860000, 0x3acd7808, 0x3acd7a00, 0x3b260000)
    rw space 12288K,  52% used [0x3b260000, 0x3b8ae610, 0x3b8ae800, 0x3be60000)
Event: 420.949 GC heap after
Heap after GC invocations=73 (full 4):
 def new generation   total 4992K, used 0K [0x26860000, 0x26dc0000, 0x2bdb0000)
  eden space 4480K,   0% used [0x26860000, 0x26860000, 0x26cc0000)
  from space 512K,   0% used [0x26d40000, 0x26d40000, 0x26dc0000)
  to   space 512K,   0% used [0x26cc0000, 0x26cc0000, 0x26d40000)
 tenured generation   total 10944K, used 4965K [0x2bdb0000, 0x2c860000, 0x36860000)
   the space 10944K,  45% used [0x2bdb0000, 0x2c289488, 0x2c289600, 0x2c860000)
 compacting perm gen  total 12288K, used 3632K [0x36860000, 0x37460000, 0x3a860000)
   the space 12288K,  29% used [0x36860000, 0x36bec210, 0x36bec400, 0x37460000)
    ro space 10240K,  44% used [0x3a860000, 0x3acd7808, 0x3acd7a00, 0x3b260000)
    rw space 12288K,  52% used [0x3b260000, 0x3b8ae610, 0x3b8ae800, 0x3be60000)
}
Event: 428.121 GC heap before
{Heap before GC invocations=73 (full 4):
 def new generation   total 4992K, used 4480K [0x26860000, 0x26dc0000, 0x2bdb0000)
  eden space 4480K, 100% used [0x26860000, 0x26cc0000, 0x26cc0000)
  from space 512K,   0% used [0x26d40000, 0x26d40000, 0x26dc0000)
  to   space 512K,   0% used [0x26cc0000, 0x26cc0000, 0x26d40000)
 tenured generation   total 10944K, used 4965K [0x2bdb0000, 0x2c860000, 0x36860000)
   the space 10944K,  45% used [0x2bdb0000, 0x2c289488, 0x2c289600, 0x2c860000)
 compacting perm gen  total 12288K, used 3632K [0x36860000, 0x37460000, 0x3a860000)
   the space 12288K,  29% used [0x36860000, 0x36bec210, 0x36bec400, 0x37460000)
    ro space 10240K,  44% used [0x3a860000, 0x3acd7808, 0x3acd7a00, 0x3b260000)
    rw space 12288K,  52% used [0x3b260000, 0x3b8ae610, 0x3b8ae800, 0x3be60000)
Event: 428.123 GC heap after
Heap after GC invocations=74 (full 4):
 def new generation   total 4992K, used 512K [0x26860000, 0x26dc0000, 0x2bdb0000)
  eden space 4480K,   0% used [0x26860000, 0x26860000, 0x26cc0000)
  from space 512K, 100% used [0x26cc0000, 0x26d40000, 0x26d40000)
  to   space 512K,   0% used [0x26d40000, 0x26d40000, 0x26dc0000)
 tenured generation   total 10944K, used 5278K [0x2bdb0000, 0x2c860000, 0x36860000)
   the space 10944K,  48% used [0x2bdb0000, 0x2c2d7a50, 0x2c2d7c00, 0x2c860000)
 compacting perm gen  total 12288K, used 3632K [0x36860000, 0x37460000, 0x3a860000)
   the space 12288K,  29% used [0x36860000, 0x36bec210, 0x36bec400, 0x37460000)
    ro space 10240K,  44% used [0x3a860000, 0x3acd7808, 0x3acd7a00, 0x3b260000)
    rw space 12288K,  52% used [0x3b260000, 0x3b8ae610, 0x3b8ae800, 0x3be60000)
}
Event: 429.382 GC heap before
{Heap before GC invocations=74 (full 4):
 def new generation   total 4992K, used 4992K [0x26860000, 0x26dc0000, 0x2bdb0000)
  eden space 4480K, 100% used [0x26860000, 0x26cc0000, 0x26cc0000)
  from space 512K, 100% used [0x26cc0000, 0x26d40000, 0x26d40000)
  to   space 512K,   0% used [0x26d40000, 0x26d40000, 0x26dc0000)
 tenured generation   total 10944K, used 5278K [0x2bdb0000, 0x2c860000, 0x36860000)
   the space 10944K,  48% used [0x2bdb0000, 0x2c2d7a50, 0x2c2d7c00, 0x2c860000)
 compacting perm gen  total 12288K, used 3632K [0x36860000, 0x37460000, 0x3a860000)
   the space 12288K,  29% used [0x36860000, 0x36bec220, 0x36bec400, 0x37460000)
    ro space 10240K,  44% used [0x3a860000, 0x3acd7808, 0x3acd7a00, 0x3b260000)
    rw space 12288K,  52% used [0x3b260000, 0x3b8ae610, 0x3b8ae800, 0x3be60000)
Event: 429.384 GC heap after
Heap after GC invocations=75 (full 4):
 def new generation   total 4992K, used 512K [0x26860000, 0x26dc0000, 0x2bdb0000)
  eden space 4480K,   0% used [0x26860000, 0x26860000, 0x26cc0000)
  from space 512K, 100% used [0x26d40000, 0x26dc0000, 0x26dc0000)
  to   space 512K,   0% used [0x26cc0000, 0x26cc0000, 0x26d40000)
 tenured generation   total 10944K, used 6057K [0x2bdb0000, 0x2c860000, 0x36860000)
   the space 10944K,  55% used [0x2bdb0000, 0x2c39a798, 0x2c39a800, 0x2c860000)
 compacting perm gen  total 12288K, used 3632K [0x36860000, 0x37460000, 0x3a860000)
   the space 12288K,  29% used [0x36860000, 0x36bec220, 0x36bec400, 0x37460000)
    ro space 10240K,  44% used [0x3a860000, 0x3acd7808, 0x3acd7a00, 0x3b260000)
    rw space 12288K,  52% used [0x3b260000, 0x3b8ae610, 0x3b8ae800, 0x3be60000)
}

Deoptimization events (0 events):
No events

Internal exceptions (10 events):
Event: 1.759 Thread 0x073ef400 Threw 0x26a19a68 at C:\re\jdk7u45\229\hotspot\src\share\vm\prims\jvm.cpp:1244
Event: 1.759 Thread 0x073ef400 Threw 0x26a1d070 at C:\re\jdk7u45\229\hotspot\src\share\vm\prims\jvm.cpp:1244
Event: 1.761 Thread 0x073ef400 Threw 0x26a291d8 at C:\re\jdk7u45\229\hotspot\src\share\vm\prims\jvm.cpp:1244
Event: 1.762 Thread 0x073ef400 Threw 0x26a32860 at C:\re\jdk7u45\229\hotspot\src\share\vm\prims\jvm.cpp:1244
Event: 1.766 Thread 0x073ef400 Threw 0x26a40c18 at C:\re\jdk7u45\229\hotspot\src\share\vm\prims\jvm.cpp:1244
Event: 1.767 Thread 0x073ef400 Threw 0x26a456b8 at C:\re\jdk7u45\229\hotspot\src\share\vm\prims\jvm.cpp:1244
Event: 1.767 Thread 0x073ef400 Threw 0x26a51520 at C:\re\jdk7u45\229\hotspot\src\share\vm\prims\jvm.cpp:1244
Event: 1.768 Thread 0x073ef400 Threw 0x26a68578 at C:\re\jdk7u45\229\hotspot\src\share\vm\prims\jvm.cpp:1244
Event: 1.769 Thread 0x073ef400 Threw 0x26a75b90 at C:\re\jdk7u45\229\hotspot\src\share\vm\prims\jvm.cpp:1244
Event: 1.770 Thread 0x073ef400 Threw 0x26a79360 at C:\re\jdk7u45\229\hotspot\src\share\vm\prims\jvm.cpp:1244

Events (10 events):
Event: 429.384 Executing VM operation: RevokeBias
Event: 429.384 Executing VM operation: RevokeBias done
Event: 429.384 Executing VM operation: RevokeBias
Event: 429.384 Executing VM operation: RevokeBias done
Event: 429.389 Thread 0x07408400 Thread exited: 0x07408400
Event: 430.388 Thread 0x0adb9800 Thread exited: 0x0adb9800
Event: 430.389 Executing VM operation: RevokeBias
Event: 430.389 Executing VM operation: RevokeBias done
Event: 430.389 Thread 0x07398000 Thread exited: 0x07398000
Event: 433.426 Thread 0x07398000 Thread added: 0x07398000


Dynamic libraries:
0x00b60000 - 0x00b8f000 	C:\Program Files (x86)\Java\jdk1.7.0_45\bin\javaw.exe
0x77a20000 - 0x77bad000 	C:\WINDOWS\SYSTEM32\ntdll.dll
0x74470000 - 0x74540000 	C:\WINDOWS\System32\KERNEL32.DLL
0x76ff0000 - 0x771c7000 	C:\WINDOWS\System32\KERNELBASE.dll
0x77940000 - 0x779b8000 	C:\WINDOWS\System32\ADVAPI32.dll
0x76f20000 - 0x76fdd000 	C:\WINDOWS\System32\msvcrt.dll
0x753d0000 - 0x75413000 	C:\WINDOWS\System32\sechost.dll
0x77760000 - 0x7781e000 	C:\WINDOWS\System32\RPCRT4.dll
0x74440000 - 0x74460000 	C:\WINDOWS\System32\SspiCli.dll
0x74430000 - 0x7443a000 	C:\WINDOWS\System32\CRYPTBASE.dll
0x74930000 - 0x74987000 	C:\WINDOWS\System32\bcryptPrimitives.dll
0x76ce0000 - 0x76e55000 	C:\WINDOWS\System32\USER32.dll
0x76f00000 - 0x76f16000 	C:\WINDOWS\System32\win32u.dll
0x76e70000 - 0x76e92000 	C:\WINDOWS\System32\GDI32.dll
0x77340000 - 0x7749e000 	C:\WINDOWS\System32\gdi32full.dll
0x77820000 - 0x7789c000 	C:\WINDOWS\System32\msvcp_win.dll
0x74540000 - 0x74657000 	C:\WINDOWS\System32\ucrtbase.dll
0x71580000 - 0x71791000 	C:\WINDOWS\WinSxS\x86_microsoft.windows.common-controls_6595b64144ccf1df_6.0.16299.309_none_5d7d0b9ba7da9417\COMCTL32.dll
0x75180000 - 0x753c6000 	C:\WINDOWS\System32\combase.dll
0x77310000 - 0x77335000 	C:\WINDOWS\System32\IMM32.DLL
0x5ae10000 - 0x5aecf000 	C:\Program Files (x86)\Java\jdk1.7.0_45\jre\bin\msvcr100.dll
0x5aa90000 - 0x5ae10000 	C:\Program Files (x86)\Java\jdk1.7.0_45\jre\bin\client\jvm.dll
0x76fe0000 - 0x76fe6000 	C:\WINDOWS\System32\PSAPI.DLL
0x6bd90000 - 0x6bd98000 	C:\WINDOWS\SYSTEM32\WSOCK32.dll
0x74f80000 - 0x74fe6000 	C:\WINDOWS\System32\WS2_32.dll
0x74010000 - 0x74034000 	C:\WINDOWS\SYSTEM32\WINMM.dll
0x73fe0000 - 0x74003000 	C:\WINDOWS\SYSTEM32\WINMMBASE.dll
0x77900000 - 0x77938000 	C:\WINDOWS\System32\cfgmgr32.dll
0x6d430000 - 0x6d43c000 	C:\Program Files (x86)\Java\jdk1.7.0_45\jre\bin\verify.dll
0x60240000 - 0x60260000 	C:\Program Files (x86)\Java\jdk1.7.0_45\jre\bin\java.dll
0x5b080000 - 0x5b093000 	C:\Program Files (x86)\Java\jdk1.7.0_45\jre\bin\zip.dll
0x5a940000 - 0x5aa83000 	C:\Program Files (x86)\Java\jdk1.7.0_45\jre\bin\awt.dll
0x77260000 - 0x772f3000 	C:\WINDOWS\System32\OLEAUT32.dll
0x73120000 - 0x731ba000 	C:\WINDOWS\SYSTEM32\apphelp.dll
0x70f90000 - 0x71009000 	C:\WINDOWS\system32\uxtheme.dll
0x747e0000 - 0x74924000 	C:\WINDOWS\System32\MSCTF.dll
0x71080000 - 0x710a3000 	C:\WINDOWS\system32\dwmapi.dll
0x76760000 - 0x76857000 	C:\WINDOWS\System32\ole32.dll
0x77300000 - 0x7730e000 	C:\WINDOWS\System32\kernel.appcore.dll
0x71f30000 - 0x71f43000 	C:\WINDOWS\SYSTEM32\CRYPTSP.dll
0x71f00000 - 0x71f2f000 	C:\WINDOWS\system32\rsaenh.dll
0x72f40000 - 0x72f59000 	C:\WINDOWS\SYSTEM32\bcrypt.dll
0x743e0000 - 0x74402000 	C:\WINDOWS\SYSTEM32\USERENV.dll
0x74990000 - 0x749a4000 	C:\WINDOWS\System32\profapi.dll
0x5a920000 - 0x5a934000 	C:\Program Files (x86)\Java\jdk1.7.0_45\jre\bin\net.dll
0x73460000 - 0x734b5000 	C:\WINDOWS\system32\mswsock.dll
0x71ff0000 - 0x72001000 	C:\WINDOWS\system32\napinsp.dll
0x71fd0000 - 0x71fe6000 	C:\WINDOWS\system32\pnrpnsp.dll
0x71fb0000 - 0x71fc3000 	C:\WINDOWS\system32\NLAapi.dll
0x73c10000 - 0x73ca4000 	C:\WINDOWS\SYSTEM32\DNSAPI.dll
0x76e60000 - 0x76e67000 	C:\WINDOWS\System32\NSI.dll
0x742e0000 - 0x74310000 	C:\WINDOWS\SYSTEM32\IPHLPAPI.DLL
0x71fa0000 - 0x71fac000 	C:\WINDOWS\System32\winrnr.dll
0x73ae0000 - 0x73ae8000 	C:\Windows\System32\rasadhlp.dll
0x71f50000 - 0x71f9e000 	C:\WINDOWS\System32\fwpuclnt.dll
0x6d420000 - 0x6d42f000 	C:\Program Files (x86)\Java\jdk1.7.0_45\jre\bin\nio.dll
0x10000000 - 0x1003d000 	C:\Users\Administrator.USER01801171630\AppData\Local\Temp\jna-146731693\jna2793580625606023249.dll
0x75420000 - 0x76753000 	C:\WINDOWS\System32\SHELL32.dll
0x771d0000 - 0x77258000 	C:\WINDOWS\System32\shcore.dll
0x749b0000 - 0x74f76000 	C:\WINDOWS\System32\windows.storage.dll
0x76c90000 - 0x76cd5000 	C:\WINDOWS\System32\shlwapi.dll
0x76eb0000 - 0x76ef5000 	C:\WINDOWS\System32\powrprof.dll
0x6fec0000 - 0x6fed3000 	C:\Users\Administrator.USER01801171630\Desktop\HvDeviceDemo\HvDeviceVideo.dll
0x6eb40000 - 0x6eb63000 	C:\Users\Administrator.USER01801171630\Desktop\HvDeviceDemo\libgcc_s_dw2-1.dll
0x5a180000 - 0x5a7e3000 	C:\Users\Administrator.USER01801171630\Desktop\HvDeviceDemo\avformat-56.dll
0x74ff0000 - 0x75172000 	C:\WINDOWS\System32\CRYPT32.dll
0x76ea0000 - 0x76eae000 	C:\WINDOWS\System32\MSASN1.dll
0x5a880000 - 0x5a914000 	C:\Users\Administrator.USER01801171630\Desktop\HvDeviceDemo\avutil-54.dll
0x5a0f0000 - 0x5a17b000 	C:\Users\Administrator.USER01801171630\Desktop\HvDeviceDemo\swscale-3.dll
0x5aed0000 - 0x5b03c000 	C:\WINDOWS\SYSTEM32\d3d9.dll
0x08260000 - 0x09f8e000 	C:\Users\Administrator.USER01801171630\Desktop\HvDeviceDemo\avcodec-56.dll
0x5a820000 - 0x5a87c000 	C:\Users\Administrator.USER01801171630\Desktop\HvDeviceDemo\swresample-1.dll
0x5a0b0000 - 0x5a0e8000 	C:\Program Files (x86)\Java\jdk1.7.0_45\jre\bin\fontmanager.dll
0x5a080000 - 0x5a0b0000 	C:\Program Files (x86)\Java\jdk1.7.0_45\jre\bin\t2k.dll
0x586a0000 - 0x59b4b000 	C:\Users\Administrator.USER01801171630\Desktop\HvDeviceDemo\HvDevice.dll
0x774a0000 - 0x774b9000 	C:\WINDOWS\System32\imagehlp.dll
0x58610000 - 0x58695000 	C:\Users\Administrator.USER01801171630\Desktop\HvDeviceDemo\MSVCP110.dll
0x58340000 - 0x58416000 	C:\Users\Administrator.USER01801171630\Desktop\HvDeviceDemo\MSVCR110.dll
0x72520000 - 0x726a1000 	C:\WINDOWS\SYSTEM32\dbghelp.dll

VM Arguments:
jvm_args: -Dfile.encoding=GBK 
java_command: com.signalway.main.Program
Launcher Type: SUN_STANDARD

Environment Variables:
JAVA_HOME=C:\Program Files (x86)\Java\jdk1.7.0_72
CLASSPATH=C:\Program Files (x86)\Java\jdk1.7.0_72\bin\dt.jar;C:\Program Files (x86)\Java\jdk1.7.0_72\lib\tools.jar
PATH=C:/Program Files (x86)/Java/bin/server;C:/Program Files (x86)/Java/bin;C:/Program Files (x86)/Java/lib/amd64;C:\Program Files (x86)\Common Files\Oracle\Java\javapath;E:\oracle\Administrator\product\11.2.0\client_1\bin;C:\Program Files\Microsoft MPI\Bin\;E:\app\Administrator\product\11.2.0\dbhome_1\bin;C:\ProgramData\Oracle\Java\javapath;C:\WINDOWS\system32;C:\WINDOWS;C:\WINDOWS\System32\Wbem;C:\WINDOWS\System32\WindowsPowerShell\v1.0\;C:\Program Files (x86)\Java\jdk1.7.0_72\bin;C:\Program Files (x86)\Java\jdk1.7.0_72\jre\bin;D:\apache-maven-3.5.0\apache-maven-3.5.0\bin;C:\Program Files\dotnet\;D:\WinSCP\;D:\Git\cmd;E:\php7.1;E:\php7.1\ext;E:\mysql5.7\mysql-5.7.21-winx64\bin;E:\composer;C:\Program Files (x86)\Microsoft SQL Server\100\Tools\Binn\;C:\Program Files\Microsoft SQL Server\100\Tools\Binn\;C:\Program Files\Microsoft SQL Server\100\DTS\Binn\;C:\Program Files (x86)\Microsoft SQL Server\100\DTS\Binn\;C:\Program Files (x86)\Microsoft SQL Server\100\Tools\Binn\VSShell\Common7\IDE\;D:\nodejs\;C:\Program Files\Redis\;C:\Users\Administrator.USER01801171630\AppData\Local\Microsoft\WindowsApps;C:\Users\Administrator.USER01801171630\AppData\Roaming\Composer\vendor\bin;C:\Program Files\erl10.0.1\bin;C:\Users\Administrator.USER01801171630\AppData\Local\GitHubDesktop\bin;C:\Users\Administrator.USER01801171630\AppData\Roaming\npm;D:\apache-maven-3.5.4\bin;C:\Program Files\erl10.0.1\bin;D:\rabbitmq\rabbitmq_server-3.7.9\sbin;C:\Program Files\erl10.0.1\bin\erl.exe;;D:\eclipse;
USERNAME=Administrator
OS=Windows_NT
PROCESSOR_IDENTIFIER=Intel64 Family 6 Model 158 Stepping 9, GenuineIntel



---------------  S Y S T E M  ---------------

OS: Windows 8 , 64 bit Build 9200 

CPU:total 4 (4 cores per cpu, 1 threads per core) family 6 model 158 stepping 9, cmov, cx8, fxsr, mmx, sse, sse2, sse3, ssse3, sse4.1, sse4.2, popcnt, avx, avx2, aes, erms, tsc, tscinvbit

Memory: 4k page, physical 8253556k(1727168k free), swap 14175132k(2602436k free)

vm_info: Java HotSpot(TM) Client VM (24.45-b08) for windows-x86 JRE (1.7.0_45-b18), built on Oct  8 2013 06:02:43 by "java_re" with unknown MS VC++:1600

time: Sat Jan 19 17:00:43 2019
elapsed time: 433 seconds

